2020-07-19 16:11:29,579 ERROR: Exception on /reset_password_request [POST] [in /home/cromz/learning/microblog/venv/lib/python3.8/site-packages/flask/app.py:1891]
Traceback (most recent call last):
  File "/home/cromz/learning/microblog/venv/lib/python3.8/site-packages/flask_mail.py", line 492, in send
    message.send(connection)
  File "/home/cromz/learning/microblog/venv/lib/python3.8/site-packages/flask_mail.py", line 427, in send
    connection.send(self)
  File "/home/cromz/learning/microblog/venv/lib/python3.8/site-packages/flask_mail.py", line 188, in send
    self.host.sendmail(sanitize_address(envelope_from or message.sender),
  File "/usr/lib/python3.8/smtplib.py", line 856, in sendmail
    self.ehlo_or_helo_if_needed()
  File "/usr/lib/python3.8/smtplib.py", line 604, in ehlo_or_helo_if_needed
    if not (200 <= self.ehlo()[0] <= 299):
  File "/usr/lib/python3.8/smtplib.py", line 444, in ehlo
    self.putcmd(self.ehlo_msg, name or self.local_hostname)
  File "/usr/lib/python3.8/smtplib.py", line 371, in putcmd
    self.send(str)
  File "/usr/lib/python3.8/smtplib.py", line 363, in send
    raise SMTPServerDisconnected('please run connect() first')
smtplib.SMTPServerDisconnected: please run connect() first

During handling of the above exception, another exception occurred:

Traceback (most recent call last):
  File "/home/cromz/learning/microblog/venv/lib/python3.8/site-packages/flask/app.py", line 2447, in wsgi_app
    response = self.full_dispatch_request()
  File "/home/cromz/learning/microblog/venv/lib/python3.8/site-packages/flask/app.py", line 1952, in full_dispatch_request
    rv = self.handle_user_exception(e)
  File "/home/cromz/learning/microblog/venv/lib/python3.8/site-packages/flask/app.py", line 1821, in handle_user_exception
    reraise(exc_type, exc_value, tb)
  File "/home/cromz/learning/microblog/venv/lib/python3.8/site-packages/flask/_compat.py", line 39, in reraise
    raise value
  File "/home/cromz/learning/microblog/venv/lib/python3.8/site-packages/flask/app.py", line 1950, in full_dispatch_request
    rv = self.dispatch_request()
  File "/home/cromz/learning/microblog/venv/lib/python3.8/site-packages/flask/app.py", line 1936, in dispatch_request
    return self.view_functions[rule.endpoint](**req.view_args)
  File "/home/cromz/learning/microblog/app/routes.py", line 157, in reset_password_request
    send_password_reset_email(user)
  File "/home/cromz/learning/microblog/app/email.py", line 13, in send_password_reset_email
    send_email('[Microblog] Reset Your Password',
  File "/home/cromz/learning/microblog/app/email.py", line 9, in send_email
    mail.send(msg)
  File "/home/cromz/learning/microblog/venv/lib/python3.8/site-packages/flask_mail.py", line 492, in send
    message.send(connection)
  File "/home/cromz/learning/microblog/venv/lib/python3.8/site-packages/flask_mail.py", line 152, in __exit__
    self.host.quit()
  File "/usr/lib/python3.8/smtplib.py", line 988, in quit
    res = self.docmd("quit")
  File "/usr/lib/python3.8/smtplib.py", line 424, in docmd
    self.putcmd(cmd, args)
  File "/usr/lib/python3.8/smtplib.py", line 371, in putcmd
    self.send(str)
  File "/usr/lib/python3.8/smtplib.py", line 363, in send
    raise SMTPServerDisconnected('please run connect() first')
smtplib.SMTPServerDisconnected: please run connect() first
2020-07-19 16:15:05,783 INFO: Microblog startup [in /home/cromz/learning/microblog/app/__init__.py:45]
2020-07-19 17:44:03,263 INFO: Microblog startup [in /home/cromz/learning/microblog/app/__init__.py:45]
2020-07-19 17:46:08,836 INFO: Microblog startup [in /home/cromz/learning/microblog/app/__init__.py:45]
2020-07-20 22:51:36,809 INFO: Microblog startup [in /home/cromz/learning/microblog/app/__init__.py:47]
2020-07-20 22:56:19,864 INFO: Microblog startup [in /home/cromz/learning/microblog/app/__init__.py:47]
2020-07-20 23:01:15,732 INFO: Microblog startup [in /home/cromz/learning/microblog/app/__init__.py:47]
2020-07-20 23:10:29,403 INFO: Microblog startup [in /home/cromz/learning/microblog/app/__init__.py:47]
2020-07-20 23:14:19,920 INFO: Microblog startup [in /home/cromz/learning/microblog/app/__init__.py:47]
2020-07-20 23:14:51,152 INFO: Microblog startup [in /home/cromz/learning/microblog/app/__init__.py:47]
2020-07-20 23:14:55,768 INFO: Microblog startup [in /home/cromz/learning/microblog/app/__init__.py:47]
2020-07-20 23:15:27,431 INFO: Microblog startup [in /home/cromz/learning/microblog/app/__init__.py:47]
2020-07-20 23:24:16,210 INFO: Microblog startup [in /home/cromz/learning/microblog/app/__init__.py:47]
2020-07-20 23:27:18,044 INFO: Microblog startup [in /home/cromz/learning/microblog/app/__init__.py:47]
2020-07-20 23:27:39,729 INFO: Microblog startup [in /home/cromz/learning/microblog/app/__init__.py:47]
2020-07-20 23:28:21,701 INFO: Microblog startup [in /home/cromz/learning/microblog/app/__init__.py:47]
2020-07-20 23:29:25,467 INFO: Microblog startup [in /home/cromz/learning/microblog/app/__init__.py:47]
2020-07-20 23:30:18,931 INFO: Microblog startup [in /home/cromz/learning/microblog/app/__init__.py:47]
2020-07-20 23:30:47,609 INFO: Microblog startup [in /home/cromz/learning/microblog/app/__init__.py:47]
2020-07-20 23:31:45,523 INFO: Microblog startup [in /home/cromz/learning/microblog/app/__init__.py:47]
2020-07-20 23:35:13,497 INFO: Microblog startup [in /home/cromz/learning/microblog/app/__init__.py:47]
